<?xml version="1.0" encoding="UTF-8"?>
<!-- Generated by org.testng.reporters.JUnitReportReporter -->
<testsuite hostname="DESKTOP-DJJL8FR" name="DriverFactory.AppTest" tests="1" failures="0" timestamp="10 Jul 2021 07:07:40 GMT" time="72.053" errors="0">
  <testcase name="kickStart" time="72.053" classname="DriverFactory.AppTest"/>
</testsuite> <!-- DriverFactory.AppTest -->
